2025-06-14 20:32:48,472 - INFO - Starting comprehensive data update...
2025-06-14 20:32:48,473 - INFO - Fetching plant species data from GBIF...
2025-06-14 20:32:51,219 - INFO - Fetched 300 records so far...
2025-06-14 20:32:53,512 - INFO - Fetched 600 records so far...
2025-06-14 20:32:56,967 - INFO - Fetched 900 records so far...
2025-06-14 20:33:01,267 - INFO - Fetched 1200 records so far...
2025-06-14 20:33:04,663 - INFO - Fetched 1500 records so far...
2025-06-14 20:33:08,120 - INFO - Fetched 1800 records so far...
2025-06-14 20:33:11,076 - INFO - Fetched 2100 records so far...
2025-06-14 20:33:14,009 - INFO - Fetched 2400 records so far...
2025-06-14 20:33:20,061 - INFO - Fetched 2700 records so far...
2025-06-14 20:33:24,342 - INFO - Fetched 3000 records so far...
2025-06-14 20:33:27,484 - INFO - Fetched 3300 records so far...
2025-06-14 20:33:30,289 - INFO - Fetched 3600 records so far...
2025-06-14 20:33:33,259 - INFO - Fetched 3900 records so far...
2025-06-14 20:33:36,548 - INFO - Fetched 4200 records so far...
2025-06-14 20:33:39,214 - INFO - Fetched 4500 records so far...
2025-06-14 20:33:42,164 - INFO - Fetched 4800 records so far...
2025-06-14 20:33:45,314 - INFO - Fetched 5100 records so far...
2025-06-14 20:33:45,570 - INFO - Saved 5100 GBIF records to data\gbif_plants_20250614.csv
2025-06-14 20:33:45,587 - INFO - Fetching plant families data...
2025-06-14 20:33:45,589 - INFO - Saved plant families data to data\plant_families_20250614.csv
2025-06-14 20:33:45,589 - INFO - Generating conservation status data...
2025-06-14 20:33:45,590 - INFO - Saved conservation status data to data\conservation_status_20250614.csv
2025-06-14 20:33:45,590 - INFO - Creating biodiversity hotspots data...
2025-06-14 20:33:45,592 - INFO - Saved biodiversity hotspots data to data\biodiversity_hotspots_20250614.csv
2025-06-14 20:33:45,593 - INFO - Data update completed successfully. Updated 4 datasets.
